-------------------------------------------------------------------------------
Test set: com.bandtec.projeto.lista.desafio3.FaculdadeTest
-------------------------------------------------------------------------------
Tests run: 18, Failures: 18, Errors: 0, Skipped: 0, Time elapsed: 0.017 sec <<< FAILURE!
com.bandtec.projeto.lista.desafio3.FaculdadeTest.testGetQuantidadeAlunosComMatriculaCanceladaQuandoAcionadoEListaNaoPossuiAlunosComMatriculaCanceladaDeveRetornar0()  Time elapsed: 0.007 sec  <<< FAILURE!
java.lang.NullPointerException: Cannot invoke "java.util.List.size()" because "this.alunos" is null
	at com.bandtec.projeto.lista.desafio3.Faculdade.existsAlunoPorNome(Faculdade.java:18)
	at com.bandtec.projeto.lista.desafio3.Faculdade.matricularAluno(Faculdade.java:34)
	at com.bandtec.projeto.lista.desafio3.FaculdadeTest.matricularAlunos(FaculdadeTest.java:151)
	at com.bandtec.projeto.lista.desafio3.FaculdadeTest.testGetQuantidadeAlunosComMatriculaCanceladaQuandoAcionadoEListaNaoPossuiAlunosComMatriculaCanceladaDeveRetornar0(FaculdadeTest.java:129)

com.bandtec.projeto.lista.desafio3.FaculdadeTest.testCancelarMatriculaQuandoAcionadoComValorNuloNaoDeveAlterarQuantidadeDeAlunoComMatriculaCancelada()  Time elapsed: 0 sec  <<< FAILURE!
java.lang.NullPointerException: Cannot invoke "java.util.List.size()" because "this.alunos" is null
	at com.bandtec.projeto.lista.desafio3.Faculdade.existsAlunoPorNome(Faculdade.java:18)
	at com.bandtec.projeto.lista.desafio3.Faculdade.matricularAluno(Faculdade.java:34)
	at com.bandtec.projeto.lista.desafio3.FaculdadeTest.matricularAlunos(FaculdadeTest.java:151)
	at com.bandtec.projeto.lista.desafio3.FaculdadeTest.testCancelarMatriculaQuandoAcionadoComValorNuloNaoDeveAlterarQuantidadeDeAlunoComMatriculaCancelada(FaculdadeTest.java:67)

com.bandtec.projeto.lista.desafio3.FaculdadeTest.testCancelarMatriculaQuandoAcionadoComValorExistenteDeveAlterarQuantidadeDeAlunoComMatriculaCancelada()  Time elapsed: 0 sec  <<< FAILURE!
java.lang.NullPointerException: Cannot invoke "java.util.List.size()" because "this.alunos" is null
	at com.bandtec.projeto.lista.desafio3.Faculdade.existsAlunoPorNome(Faculdade.java:18)
	at com.bandtec.projeto.lista.desafio3.Faculdade.matricularAluno(Faculdade.java:34)
	at com.bandtec.projeto.lista.desafio3.FaculdadeTest.matricularAlunos(FaculdadeTest.java:151)
	at com.bandtec.projeto.lista.desafio3.FaculdadeTest.testCancelarMatriculaQuandoAcionadoComValorExistenteDeveAlterarQuantidadeDeAlunoComMatriculaCancelada(FaculdadeTest.java:75)

com.bandtec.projeto.lista.desafio3.FaculdadeTest.testGetQuantidadeAlunosComMatriculaCanceladaQuandoAcionadoEListaPossui1AlunoComMatriculaCanceladaDeveRetornar1()  Time elapsed: 0 sec  <<< FAILURE!
java.lang.NullPointerException: Cannot invoke "java.util.List.size()" because "this.alunos" is null
	at com.bandtec.projeto.lista.desafio3.Faculdade.existsAlunoPorNome(Faculdade.java:18)
	at com.bandtec.projeto.lista.desafio3.Faculdade.matricularAluno(Faculdade.java:34)
	at com.bandtec.projeto.lista.desafio3.FaculdadeTest.matricularAlunos(FaculdadeTest.java:151)
	at com.bandtec.projeto.lista.desafio3.FaculdadeTest.testGetQuantidadeAlunosComMatriculaCanceladaQuandoAcionadoEListaPossui1AlunoComMatriculaCanceladaDeveRetornar1(FaculdadeTest.java:136)

com.bandtec.projeto.lista.desafio3.FaculdadeTest.testGetQuantidadeAlunosComMatriculaCanceladaQuandoAcionadoEListaEstaVaziaDeveRetornar0()  Time elapsed: 0.001 sec  <<< FAILURE!
java.lang.NullPointerException: Cannot invoke "java.util.List.size()" because "this.alunos" is null
	at com.bandtec.projeto.lista.desafio3.Faculdade.getQuantidadeAlunosComMatriculaCancelada(Faculdade.java:85)
	at com.bandtec.projeto.lista.desafio3.FaculdadeTest.testGetQuantidadeAlunosComMatriculaCanceladaQuandoAcionadoEListaEstaVaziaDeveRetornar0(FaculdadeTest.java:123)

com.bandtec.projeto.lista.desafio3.FaculdadeTest.testCancelarMatriculaQuandoAcionadoEListaEstaVaziaDeveRetornar0AoAcionarGetCancelados()  Time elapsed: 0 sec  <<< FAILURE!
java.lang.NullPointerException: Cannot invoke "java.util.List.size()" because "this.alunos" is null
	at com.bandtec.projeto.lista.desafio3.Faculdade.cancelarMatricula(Faculdade.java:44)
	at com.bandtec.projeto.lista.desafio3.FaculdadeTest.testCancelarMatriculaQuandoAcionadoEListaEstaVaziaDeveRetornar0AoAcionarGetCancelados(FaculdadeTest.java:60)

com.bandtec.projeto.lista.desafio3.FaculdadeTest.testGetQuantidadeAlunosQuandoAcionadoEListaEstaVaziaDevRetornar0()  Time elapsed: 0.001 sec  <<< FAILURE!
java.lang.NullPointerException: Cannot invoke "java.util.List.size()" because "this.alunos" is null
	at com.bandtec.projeto.lista.desafio3.Faculdade.getQuantidadeAlunos(Faculdade.java:57)
	at com.bandtec.projeto.lista.desafio3.FaculdadeTest.testGetQuantidadeAlunosQuandoAcionadoEListaEstaVaziaDevRetornar0(FaculdadeTest.java:83)

com.bandtec.projeto.lista.desafio3.FaculdadeTest.testGetQuantidadeAlunosPorSemestreQuandoAcionadoCom2DeveRetornar2()  Time elapsed: 0.001 sec  <<< FAILURE!
java.lang.NullPointerException: Cannot invoke "java.util.List.size()" because "this.alunos" is null
	at com.bandtec.projeto.lista.desafio3.Faculdade.existsAlunoPorNome(Faculdade.java:18)
	at com.bandtec.projeto.lista.desafio3.Faculdade.matricularAluno(Faculdade.java:34)
	at com.bandtec.projeto.lista.desafio3.FaculdadeTest.matricularAlunos(FaculdadeTest.java:151)
	at com.bandtec.projeto.lista.desafio3.FaculdadeTest.testGetQuantidadeAlunosPorSemestreQuandoAcionadoCom2DeveRetornar2(FaculdadeTest.java:116)

com.bandtec.projeto.lista.desafio3.FaculdadeTest.testExistsAlunoPorNomeQuandoAcionadoComValorNuloDeveRetornarFalso()  Time elapsed: 0.001 sec  <<< FAILURE!
java.lang.NullPointerException: Cannot invoke "java.util.List.size()" because "this.alunos" is null
	at com.bandtec.projeto.lista.desafio3.Faculdade.existsAlunoPorNome(Faculdade.java:18)
	at com.bandtec.projeto.lista.desafio3.Faculdade.matricularAluno(Faculdade.java:34)
	at com.bandtec.projeto.lista.desafio3.FaculdadeTest.matricularAlunos(FaculdadeTest.java:151)
	at com.bandtec.projeto.lista.desafio3.FaculdadeTest.testExistsAlunoPorNomeQuandoAcionadoComValorNuloDeveRetornarFalso(FaculdadeTest.java:16)

com.bandtec.projeto.lista.desafio3.FaculdadeTest.testExistsAlunoPorNomeQuandoAcionadoComValorInexistenteDeveRetornarFalso()  Time elapsed: 0 sec  <<< FAILURE!
java.lang.NullPointerException: Cannot invoke "java.util.List.size()" because "this.alunos" is null
	at com.bandtec.projeto.lista.desafio3.Faculdade.existsAlunoPorNome(Faculdade.java:18)
	at com.bandtec.projeto.lista.desafio3.Faculdade.matricularAluno(Faculdade.java:34)
	at com.bandtec.projeto.lista.desafio3.FaculdadeTest.matricularAlunos(FaculdadeTest.java:151)
	at com.bandtec.projeto.lista.desafio3.FaculdadeTest.testExistsAlunoPorNomeQuandoAcionadoComValorInexistenteDeveRetornarFalso(FaculdadeTest.java:23)

com.bandtec.projeto.lista.desafio3.FaculdadeTest.testMatricularAlunoQuandoAcionadoComValorDuplicadoNaoDeveAlterarTamanhoDaLista()  Time elapsed: 0.001 sec  <<< FAILURE!
java.lang.NullPointerException: Cannot invoke "java.util.List.size()" because "this.alunos" is null
	at com.bandtec.projeto.lista.desafio3.Faculdade.existsAlunoPorNome(Faculdade.java:18)
	at com.bandtec.projeto.lista.desafio3.Faculdade.matricularAluno(Faculdade.java:34)
	at com.bandtec.projeto.lista.desafio3.FaculdadeTest.matricularAlunos(FaculdadeTest.java:151)
	at com.bandtec.projeto.lista.desafio3.FaculdadeTest.testMatricularAlunoQuandoAcionadoComValorDuplicadoNaoDeveAlterarTamanhoDaLista(FaculdadeTest.java:44)

com.bandtec.projeto.lista.desafio3.FaculdadeTest.testMatricularAlunoQuandoAcionadoComValorUnicoDeveAlterarTamanhoDaLista()  Time elapsed: 0.001 sec  <<< FAILURE!
java.lang.NullPointerException: Cannot invoke "java.util.List.size()" because "this.alunos" is null
	at com.bandtec.projeto.lista.desafio3.Faculdade.existsAlunoPorNome(Faculdade.java:18)
	at com.bandtec.projeto.lista.desafio3.Faculdade.matricularAluno(Faculdade.java:34)
	at com.bandtec.projeto.lista.desafio3.FaculdadeTest.matricularAlunos(FaculdadeTest.java:151)
	at com.bandtec.projeto.lista.desafio3.FaculdadeTest.testMatricularAlunoQuandoAcionadoComValorUnicoDeveAlterarTamanhoDaLista(FaculdadeTest.java:52)

com.bandtec.projeto.lista.desafio3.FaculdadeTest.testGetQuantidadeAlunosQuandoAcionadoEListaPossui4AlunosDevRetornar4()  Time elapsed: 0 sec  <<< FAILURE!
java.lang.NullPointerException: Cannot invoke "java.util.List.size()" because "this.alunos" is null
	at com.bandtec.projeto.lista.desafio3.Faculdade.existsAlunoPorNome(Faculdade.java:18)
	at com.bandtec.projeto.lista.desafio3.Faculdade.matricularAluno(Faculdade.java:34)
	at com.bandtec.projeto.lista.desafio3.FaculdadeTest.matricularAlunos(FaculdadeTest.java:151)
	at com.bandtec.projeto.lista.desafio3.FaculdadeTest.testGetQuantidadeAlunosQuandoAcionadoEListaPossui4AlunosDevRetornar4(FaculdadeTest.java:89)

com.bandtec.projeto.lista.desafio3.FaculdadeTest.testExistsAlunoPorNomeQuandoAcionadoComValorExistenteDeveRetornarVerdadeiro()  Time elapsed: 0.001 sec  <<< FAILURE!
java.lang.NullPointerException: Cannot invoke "java.util.List.size()" because "this.alunos" is null
	at com.bandtec.projeto.lista.desafio3.Faculdade.existsAlunoPorNome(Faculdade.java:18)
	at com.bandtec.projeto.lista.desafio3.Faculdade.matricularAluno(Faculdade.java:34)
	at com.bandtec.projeto.lista.desafio3.FaculdadeTest.matricularAlunos(FaculdadeTest.java:151)
	at com.bandtec.projeto.lista.desafio3.FaculdadeTest.testExistsAlunoPorNomeQuandoAcionadoComValorExistenteDeveRetornarVerdadeiro(FaculdadeTest.java:30)

com.bandtec.projeto.lista.desafio3.FaculdadeTest.testMatricularAlunoQuandoAcionadoComValorNuloNaoDeveAlterarTamanhoDaLista()  Time elapsed: 0.001 sec  <<< FAILURE!
java.lang.NullPointerException: Cannot invoke "com.bandtec.projeto.lista.desafio3.Aluno.getNome()" because "alunoRenata" is null
	at com.bandtec.projeto.lista.desafio3.Faculdade.matricularAluno(Faculdade.java:34)
	at com.bandtec.projeto.lista.desafio3.FaculdadeTest.testMatricularAlunoQuandoAcionadoComValorNuloNaoDeveAlterarTamanhoDaLista(FaculdadeTest.java:37)

com.bandtec.projeto.lista.desafio3.FaculdadeTest.testGetQuantidadeAlunosPorSemestreQuandoAcionadoComValorNuloDeveRetornar0()  Time elapsed: 0 sec  <<< FAILURE!
java.lang.NullPointerException: Cannot invoke "java.util.List.size()" because "this.alunos" is null
	at com.bandtec.projeto.lista.desafio3.Faculdade.existsAlunoPorNome(Faculdade.java:18)
	at com.bandtec.projeto.lista.desafio3.Faculdade.matricularAluno(Faculdade.java:34)
	at com.bandtec.projeto.lista.desafio3.FaculdadeTest.matricularAlunos(FaculdadeTest.java:151)
	at com.bandtec.projeto.lista.desafio3.FaculdadeTest.testGetQuantidadeAlunosPorSemestreQuandoAcionadoComValorNuloDeveRetornar0(FaculdadeTest.java:102)

com.bandtec.projeto.lista.desafio3.FaculdadeTest.testGetQuantidadeAlunosPorSemestreQuandoAcionadoComValorInexistenteDeveRetornar0()  Time elapsed: 0 sec  <<< FAILURE!
java.lang.NullPointerException: Cannot invoke "java.util.List.size()" because "this.alunos" is null
	at com.bandtec.projeto.lista.desafio3.Faculdade.existsAlunoPorNome(Faculdade.java:18)
	at com.bandtec.projeto.lista.desafio3.Faculdade.matricularAluno(Faculdade.java:34)
	at com.bandtec.projeto.lista.desafio3.FaculdadeTest.matricularAlunos(FaculdadeTest.java:151)
	at com.bandtec.projeto.lista.desafio3.FaculdadeTest.testGetQuantidadeAlunosPorSemestreQuandoAcionadoComValorInexistenteDeveRetornar0(FaculdadeTest.java:109)

com.bandtec.projeto.lista.desafio3.FaculdadeTest.testGetQuantidadeAlunosPorSemestreQuandoAcionadoEListaEstaVaziaDeveRetornar0()  Time elapsed: 0.001 sec  <<< FAILURE!
java.lang.NullPointerException: Cannot invoke "java.util.List.size()" because "this.alunos" is null
	at com.bandtec.projeto.lista.desafio3.Faculdade.getQuantidadeAlunosPorSemestre(Faculdade.java:69)
	at com.bandtec.projeto.lista.desafio3.FaculdadeTest.testGetQuantidadeAlunosPorSemestreQuandoAcionadoEListaEstaVaziaDeveRetornar0(FaculdadeTest.java:96)

