<?xml version="1.0" encoding="UTF-8" ?>
<testsuite tests="18" failures="18" name="com.bandtec.projeto.lista.desafio3.FaculdadeTest" time="0.016" errors="0" skipped="0">
  <properties>
[...]
</properties>
  <testcase classname="com.bandtec.projeto.lista.desafio3.FaculdadeTest" name="com.bandtec.projeto.lista.desafio3.FaculdadeTest.testGetQuantidadeAlunosComMatriculaCanceladaQuandoAcionadoEListaNaoPossuiAlunosComMatriculaCanceladaDeveRetornar0" time="0.007">
    <failure message="Cannot invoke &quot;java.util.List.size()&quot; because &quot;this.alunos&quot; is null" type="java.lang.NullPointerException">java.lang.NullPointerException: Cannot invoke &quot;java.util.List.size()&quot; because &quot;this.alunos&quot; is null
	at com.bandtec.projeto.lista.desafio3.Faculdade.existsAlunoPorNome(Faculdade.java:18)
	at com.bandtec.projeto.lista.desafio3.Faculdade.matricularAluno(Faculdade.java:34)
	at com.bandtec.projeto.lista.desafio3.FaculdadeTest.matricularAlunos(FaculdadeTest.java:151)
	at com.bandtec.projeto.lista.desafio3.FaculdadeTest.testGetQuantidadeAlunosComMatriculaCanceladaQuandoAcionadoEListaNaoPossuiAlunosComMatriculaCanceladaDeveRetornar0(FaculdadeTest.java:129)
</failure>
  </testcase>
  <testcase classname="com.bandtec.projeto.lista.desafio3.FaculdadeTest" name="com.bandtec.projeto.lista.desafio3.FaculdadeTest.testCancelarMatriculaQuandoAcionadoComValorNuloNaoDeveAlterarQuantidadeDeAlunoComMatriculaCancelada" time="0">
    <failure message="Cannot invoke &quot;java.util.List.size()&quot; because &quot;this.alunos&quot; is null" type="java.lang.NullPointerException">java.lang.NullPointerException: Cannot invoke &quot;java.util.List.size()&quot; because &quot;this.alunos&quot; is null
	at com.bandtec.projeto.lista.desafio3.Faculdade.existsAlunoPorNome(Faculdade.java:18)
	at com.bandtec.projeto.lista.desafio3.Faculdade.matricularAluno(Faculdade.java:34)
	at com.bandtec.projeto.lista.desafio3.FaculdadeTest.matricularAlunos(FaculdadeTest.java:151)
	at com.bandtec.projeto.lista.desafio3.FaculdadeTest.testCancelarMatriculaQuandoAcionadoComValorNuloNaoDeveAlterarQuantidadeDeAlunoComMatriculaCancelada(FaculdadeTest.java:67)
</failure>
  </testcase>
  <testcase classname="com.bandtec.projeto.lista.desafio3.FaculdadeTest" name="com.bandtec.projeto.lista.desafio3.FaculdadeTest.testCancelarMatriculaQuandoAcionadoComValorExistenteDeveAlterarQuantidadeDeAlunoComMatriculaCancelada" time="0">
    <failure message="Cannot invoke &quot;java.util.List.size()&quot; because &quot;this.alunos&quot; is null" type="java.lang.NullPointerException">java.lang.NullPointerException: Cannot invoke &quot;java.util.List.size()&quot; because &quot;this.alunos&quot; is null
	at com.bandtec.projeto.lista.desafio3.Faculdade.existsAlunoPorNome(Faculdade.java:18)
	at com.bandtec.projeto.lista.desafio3.Faculdade.matricularAluno(Faculdade.java:34)
	at com.bandtec.projeto.lista.desafio3.FaculdadeTest.matricularAlunos(FaculdadeTest.java:151)
	at com.bandtec.projeto.lista.desafio3.FaculdadeTest.testCancelarMatriculaQuandoAcionadoComValorExistenteDeveAlterarQuantidadeDeAlunoComMatriculaCancelada(FaculdadeTest.java:75)
</failure>
  </testcase>
  <testcase classname="com.bandtec.projeto.lista.desafio3.FaculdadeTest" name="com.bandtec.projeto.lista.desafio3.FaculdadeTest.testGetQuantidadeAlunosComMatriculaCanceladaQuandoAcionadoEListaPossui1AlunoComMatriculaCanceladaDeveRetornar1" time="0">
    <failure message="Cannot invoke &quot;java.util.List.size()&quot; because &quot;this.alunos&quot; is null" type="java.lang.NullPointerException">java.lang.NullPointerException: Cannot invoke &quot;java.util.List.size()&quot; because &quot;this.alunos&quot; is null
	at com.bandtec.projeto.lista.desafio3.Faculdade.existsAlunoPorNome(Faculdade.java:18)
	at com.bandtec.projeto.lista.desafio3.Faculdade.matricularAluno(Faculdade.java:34)
	at com.bandtec.projeto.lista.desafio3.FaculdadeTest.matricularAlunos(FaculdadeTest.java:151)
	at com.bandtec.projeto.lista.desafio3.FaculdadeTest.testGetQuantidadeAlunosComMatriculaCanceladaQuandoAcionadoEListaPossui1AlunoComMatriculaCanceladaDeveRetornar1(FaculdadeTest.java:136)
</failure>
  </testcase>
  <testcase classname="com.bandtec.projeto.lista.desafio3.FaculdadeTest" name="com.bandtec.projeto.lista.desafio3.FaculdadeTest.testGetQuantidadeAlunosComMatriculaCanceladaQuandoAcionadoEListaEstaVaziaDeveRetornar0" time="0.001">
    <failure message="Cannot invoke &quot;java.util.List.size()&quot; because &quot;this.alunos&quot; is null" type="java.lang.NullPointerException">java.lang.NullPointerException: Cannot invoke &quot;java.util.List.size()&quot; because &quot;this.alunos&quot; is null
	at com.bandtec.projeto.lista.desafio3.Faculdade.getQuantidadeAlunosComMatriculaCancelada(Faculdade.java:85)
	at com.bandtec.projeto.lista.desafio3.FaculdadeTest.testGetQuantidadeAlunosComMatriculaCanceladaQuandoAcionadoEListaEstaVaziaDeveRetornar0(FaculdadeTest.java:123)
</failure>
  </testcase>
  <testcase classname="com.bandtec.projeto.lista.desafio3.FaculdadeTest" name="com.bandtec.projeto.lista.desafio3.FaculdadeTest.testCancelarMatriculaQuandoAcionadoEListaEstaVaziaDeveRetornar0AoAcionarGetCancelados" time="0">
    <failure message="Cannot invoke &quot;java.util.List.size()&quot; because &quot;this.alunos&quot; is null" type="java.lang.NullPointerException">java.lang.NullPointerException: Cannot invoke &quot;java.util.List.size()&quot; because &quot;this.alunos&quot; is null
	at com.bandtec.projeto.lista.desafio3.Faculdade.cancelarMatricula(Faculdade.java:44)
	at com.bandtec.projeto.lista.desafio3.FaculdadeTest.testCancelarMatriculaQuandoAcionadoEListaEstaVaziaDeveRetornar0AoAcionarGetCancelados(FaculdadeTest.java:60)
</failure>
  </testcase>
  <testcase classname="com.bandtec.projeto.lista.desafio3.FaculdadeTest" name="com.bandtec.projeto.lista.desafio3.FaculdadeTest.testGetQuantidadeAlunosQuandoAcionadoEListaEstaVaziaDevRetornar0" time="0.001">
    <failure message="Cannot invoke &quot;java.util.List.size()&quot; because &quot;this.alunos&quot; is null" type="java.lang.NullPointerException">java.lang.NullPointerException: Cannot invoke &quot;java.util.List.size()&quot; because &quot;this.alunos&quot; is null
	at com.bandtec.projeto.lista.desafio3.Faculdade.getQuantidadeAlunos(Faculdade.java:57)
	at com.bandtec.projeto.lista.desafio3.FaculdadeTest.testGetQuantidadeAlunosQuandoAcionadoEListaEstaVaziaDevRetornar0(FaculdadeTest.java:83)
</failure>
  </testcase>
  <testcase classname="com.bandtec.projeto.lista.desafio3.FaculdadeTest" name="com.bandtec.projeto.lista.desafio3.FaculdadeTest.testGetQuantidadeAlunosPorSemestreQuandoAcionadoCom2DeveRetornar2" time="0.001">
    <failure message="Cannot invoke &quot;java.util.List.size()&quot; because &quot;this.alunos&quot; is null" type="java.lang.NullPointerException">java.lang.NullPointerException: Cannot invoke &quot;java.util.List.size()&quot; because &quot;this.alunos&quot; is null
	at com.bandtec.projeto.lista.desafio3.Faculdade.existsAlunoPorNome(Faculdade.java:18)
	at com.bandtec.projeto.lista.desafio3.Faculdade.matricularAluno(Faculdade.java:34)
	at com.bandtec.projeto.lista.desafio3.FaculdadeTest.matricularAlunos(FaculdadeTest.java:151)
	at com.bandtec.projeto.lista.desafio3.FaculdadeTest.testGetQuantidadeAlunosPorSemestreQuandoAcionadoCom2DeveRetornar2(FaculdadeTest.java:116)
</failure>
  </testcase>
  <testcase classname="com.bandtec.projeto.lista.desafio3.FaculdadeTest" name="com.bandtec.projeto.lista.desafio3.FaculdadeTest.testExistsAlunoPorNomeQuandoAcionadoComValorNuloDeveRetornarFalso" time="0.001">
    <failure message="Cannot invoke &quot;java.util.List.size()&quot; because &quot;this.alunos&quot; is null" type="java.lang.NullPointerException">java.lang.NullPointerException: Cannot invoke &quot;java.util.List.size()&quot; because &quot;this.alunos&quot; is null
	at com.bandtec.projeto.lista.desafio3.Faculdade.existsAlunoPorNome(Faculdade.java:18)
	at com.bandtec.projeto.lista.desafio3.Faculdade.matricularAluno(Faculdade.java:34)
	at com.bandtec.projeto.lista.desafio3.FaculdadeTest.matricularAlunos(FaculdadeTest.java:151)
	at com.bandtec.projeto.lista.desafio3.FaculdadeTest.testExistsAlunoPorNomeQuandoAcionadoComValorNuloDeveRetornarFalso(FaculdadeTest.java:16)
</failure>
  </testcase>
  <testcase classname="com.bandtec.projeto.lista.desafio3.FaculdadeTest" name="com.bandtec.projeto.lista.desafio3.FaculdadeTest.testExistsAlunoPorNomeQuandoAcionadoComValorInexistenteDeveRetornarFalso" time="0">
    <failure message="Cannot invoke &quot;java.util.List.size()&quot; because &quot;this.alunos&quot; is null" type="java.lang.NullPointerException">java.lang.NullPointerException: Cannot invoke &quot;java.util.List.size()&quot; because &quot;this.alunos&quot; is null
	at com.bandtec.projeto.lista.desafio3.Faculdade.existsAlunoPorNome(Faculdade.java:18)
	at com.bandtec.projeto.lista.desafio3.Faculdade.matricularAluno(Faculdade.java:34)
	at com.bandtec.projeto.lista.desafio3.FaculdadeTest.matricularAlunos(FaculdadeTest.java:151)
	at com.bandtec.projeto.lista.desafio3.FaculdadeTest.testExistsAlunoPorNomeQuandoAcionadoComValorInexistenteDeveRetornarFalso(FaculdadeTest.java:23)
</failure>
  </testcase>
  <testcase classname="com.bandtec.projeto.lista.desafio3.FaculdadeTest" name="com.bandtec.projeto.lista.desafio3.FaculdadeTest.testMatricularAlunoQuandoAcionadoComValorDuplicadoNaoDeveAlterarTamanhoDaLista" time="0.001">
    <failure message="Cannot invoke &quot;java.util.List.size()&quot; because &quot;this.alunos&quot; is null" type="java.lang.NullPointerException">java.lang.NullPointerException: Cannot invoke &quot;java.util.List.size()&quot; because &quot;this.alunos&quot; is null
	at com.bandtec.projeto.lista.desafio3.Faculdade.existsAlunoPorNome(Faculdade.java:18)
	at com.bandtec.projeto.lista.desafio3.Faculdade.matricularAluno(Faculdade.java:34)
	at com.bandtec.projeto.lista.desafio3.FaculdadeTest.matricularAlunos(FaculdadeTest.java:151)
	at com.bandtec.projeto.lista.desafio3.FaculdadeTest.testMatricularAlunoQuandoAcionadoComValorDuplicadoNaoDeveAlterarTamanhoDaLista(FaculdadeTest.java:44)
</failure>
  </testcase>
  <testcase classname="com.bandtec.projeto.lista.desafio3.FaculdadeTest" name="com.bandtec.projeto.lista.desafio3.FaculdadeTest.testMatricularAlunoQuandoAcionadoComValorUnicoDeveAlterarTamanhoDaLista" time="0.001">
    <failure message="Cannot invoke &quot;java.util.List.size()&quot; because &quot;this.alunos&quot; is null" type="java.lang.NullPointerException">java.lang.NullPointerException: Cannot invoke &quot;java.util.List.size()&quot; because &quot;this.alunos&quot; is null
	at com.bandtec.projeto.lista.desafio3.Faculdade.existsAlunoPorNome(Faculdade.java:18)
	at com.bandtec.projeto.lista.desafio3.Faculdade.matricularAluno(Faculdade.java:34)
	at com.bandtec.projeto.lista.desafio3.FaculdadeTest.matricularAlunos(FaculdadeTest.java:151)
	at com.bandtec.projeto.lista.desafio3.FaculdadeTest.testMatricularAlunoQuandoAcionadoComValorUnicoDeveAlterarTamanhoDaLista(FaculdadeTest.java:52)
</failure>
  </testcase>
  <testcase classname="com.bandtec.projeto.lista.desafio3.FaculdadeTest" name="com.bandtec.projeto.lista.desafio3.FaculdadeTest.testGetQuantidadeAlunosQuandoAcionadoEListaPossui4AlunosDevRetornar4" time="0">
    <failure message="Cannot invoke &quot;java.util.List.size()&quot; because &quot;this.alunos&quot; is null" type="java.lang.NullPointerException">java.lang.NullPointerException: Cannot invoke &quot;java.util.List.size()&quot; because &quot;this.alunos&quot; is null
	at com.bandtec.projeto.lista.desafio3.Faculdade.existsAlunoPorNome(Faculdade.java:18)
	at com.bandtec.projeto.lista.desafio3.Faculdade.matricularAluno(Faculdade.java:34)
	at com.bandtec.projeto.lista.desafio3.FaculdadeTest.matricularAlunos(FaculdadeTest.java:151)
	at com.bandtec.projeto.lista.desafio3.FaculdadeTest.testGetQuantidadeAlunosQuandoAcionadoEListaPossui4AlunosDevRetornar4(FaculdadeTest.java:89)
</failure>
  </testcase>
  <testcase classname="com.bandtec.projeto.lista.desafio3.FaculdadeTest" name="com.bandtec.projeto.lista.desafio3.FaculdadeTest.testExistsAlunoPorNomeQuandoAcionadoComValorExistenteDeveRetornarVerdadeiro" time="0.001">
    <failure message="Cannot invoke &quot;java.util.List.size()&quot; because &quot;this.alunos&quot; is null" type="java.lang.NullPointerException">java.lang.NullPointerException: Cannot invoke &quot;java.util.List.size()&quot; because &quot;this.alunos&quot; is null
	at com.bandtec.projeto.lista.desafio3.Faculdade.existsAlunoPorNome(Faculdade.java:18)
	at com.bandtec.projeto.lista.desafio3.Faculdade.matricularAluno(Faculdade.java:34)
	at com.bandtec.projeto.lista.desafio3.FaculdadeTest.matricularAlunos(FaculdadeTest.java:151)
	at com.bandtec.projeto.lista.desafio3.FaculdadeTest.testExistsAlunoPorNomeQuandoAcionadoComValorExistenteDeveRetornarVerdadeiro(FaculdadeTest.java:30)
</failure>
  </testcase>
  <testcase classname="com.bandtec.projeto.lista.desafio3.FaculdadeTest" name="com.bandtec.projeto.lista.desafio3.FaculdadeTest.testMatricularAlunoQuandoAcionadoComValorNuloNaoDeveAlterarTamanhoDaLista" time="0.001">
    <failure message="Cannot invoke &quot;com.bandtec.projeto.lista.desafio3.Aluno.getNome()&quot; because &quot;alunoRenata&quot; is null" type="java.lang.NullPointerException">java.lang.NullPointerException: Cannot invoke &quot;com.bandtec.projeto.lista.desafio3.Aluno.getNome()&quot; because &quot;alunoRenata&quot; is null
	at com.bandtec.projeto.lista.desafio3.Faculdade.matricularAluno(Faculdade.java:34)
	at com.bandtec.projeto.lista.desafio3.FaculdadeTest.testMatricularAlunoQuandoAcionadoComValorNuloNaoDeveAlterarTamanhoDaLista(FaculdadeTest.java:37)
</failure>
  </testcase>
  <testcase classname="com.bandtec.projeto.lista.desafio3.FaculdadeTest" name="com.bandtec.projeto.lista.desafio3.FaculdadeTest.testGetQuantidadeAlunosPorSemestreQuandoAcionadoComValorNuloDeveRetornar0" time="0">
    <failure message="Cannot invoke &quot;java.util.List.size()&quot; because &quot;this.alunos&quot; is null" type="java.lang.NullPointerException">java.lang.NullPointerException: Cannot invoke &quot;java.util.List.size()&quot; because &quot;this.alunos&quot; is null
	at com.bandtec.projeto.lista.desafio3.Faculdade.existsAlunoPorNome(Faculdade.java:18)
	at com.bandtec.projeto.lista.desafio3.Faculdade.matricularAluno(Faculdade.java:34)
	at com.bandtec.projeto.lista.desafio3.FaculdadeTest.matricularAlunos(FaculdadeTest.java:151)
	at com.bandtec.projeto.lista.desafio3.FaculdadeTest.testGetQuantidadeAlunosPorSemestreQuandoAcionadoComValorNuloDeveRetornar0(FaculdadeTest.java:102)
</failure>
  </testcase>
  <testcase classname="com.bandtec.projeto.lista.desafio3.FaculdadeTest" name="com.bandtec.projeto.lista.desafio3.FaculdadeTest.testGetQuantidadeAlunosPorSemestreQuandoAcionadoComValorInexistenteDeveRetornar0" time="0">
    <failure message="Cannot invoke &quot;java.util.List.size()&quot; because &quot;this.alunos&quot; is null" type="java.lang.NullPointerException">java.lang.NullPointerException: Cannot invoke &quot;java.util.List.size()&quot; because &quot;this.alunos&quot; is null
	at com.bandtec.projeto.lista.desafio3.Faculdade.existsAlunoPorNome(Faculdade.java:18)
	at com.bandtec.projeto.lista.desafio3.Faculdade.matricularAluno(Faculdade.java:34)
	at com.bandtec.projeto.lista.desafio3.FaculdadeTest.matricularAlunos(FaculdadeTest.java:151)
	at com.bandtec.projeto.lista.desafio3.FaculdadeTest.testGetQuantidadeAlunosPorSemestreQuandoAcionadoComValorInexistenteDeveRetornar0(FaculdadeTest.java:109)
</failure>
  </testcase>
  <testcase classname="com.bandtec.projeto.lista.desafio3.FaculdadeTest" name="com.bandtec.projeto.lista.desafio3.FaculdadeTest.testGetQuantidadeAlunosPorSemestreQuandoAcionadoEListaEstaVaziaDeveRetornar0" time="0.001">
    <failure message="Cannot invoke &quot;java.util.List.size()&quot; because &quot;this.alunos&quot; is null" type="java.lang.NullPointerException">java.lang.NullPointerException: Cannot invoke &quot;java.util.List.size()&quot; because &quot;this.alunos&quot; is null
	at com.bandtec.projeto.lista.desafio3.Faculdade.getQuantidadeAlunosPorSemestre(Faculdade.java:69)
	at com.bandtec.projeto.lista.desafio3.FaculdadeTest.testGetQuantidadeAlunosPorSemestreQuandoAcionadoEListaEstaVaziaDeveRetornar0(FaculdadeTest.java:96)
</failure>
  </testcase>
</testsuite>